[0.090s] DEBUG:colcon:Command line arguments: ['/usr/bin/colcon', 'build', '--symlink-install']
[0.090s] DEBUG:colcon:Parsed command line arguments: Namespace(log_base=None, log_level=None, verb_name='build', build_base='build', install_base='install', merge_install=False, symlink_install=True, test_result_base=None, continue_on_error=False, executor='parallel', parallel_workers=24, event_handlers=None, ignore_user_meta=False, metas=['./colcon.meta'], base_paths=['.'], packages_ignore=None, packages_ignore_regex=None, paths=None, packages_up_to=None, packages_up_to_regex=None, packages_above=None, packages_above_and_dependencies=None, packages_above_depth=None, packages_select_by_dep=None, packages_skip_by_dep=None, packages_skip_up_to=None, packages_select_build_failed=False, packages_skip_build_finished=False, packages_select_test_failures=False, packages_skip_test_passed=False, packages_select=None, packages_skip=None, packages_select_regex=None, packages_skip_regex=None, packages_start=None, packages_end=None, allow_overriding=[], cmake_args=None, cmake_target=None, cmake_target_skip_unavailable=False, cmake_clean_cache=False, cmake_clean_first=False, cmake_force_configure=False, ament_cmake_args=None, catkin_cmake_args=None, catkin_skip_building_tests=False, mixin_files=None, mixin=None, verb_parser=<colcon_mixin.mixin.mixin_argument.MixinArgumentDecorator object at 0x77295cd78e60>, verb_extension=<colcon_core.verb.build.BuildVerb object at 0x77295cd94f20>, main=<bound method BuildVerb.main of <colcon_core.verb.build.BuildVerb object at 0x77295cd94f20>>, mixin_verb=('build',))
[0.133s] Level 1:colcon.colcon_core.package_discovery:discover_packages(colcon_meta) check parameters
[0.133s] Level 1:colcon.colcon_core.package_discovery:discover_packages(recursive) check parameters
[0.133s] Level 1:colcon.colcon_core.package_discovery:discover_packages(ignore) check parameters
[0.133s] Level 1:colcon.colcon_core.package_discovery:discover_packages(path) check parameters
[0.133s] Level 1:colcon.colcon_core.package_discovery:discover_packages(colcon_meta) discover
[0.133s] Level 1:colcon.colcon_core.package_discovery:discover_packages(recursive) discover
[0.133s] INFO:colcon.colcon_core.package_discovery:Crawling recursively for packages in '/home/praise/mm_ws/src/husky_ur3_bringup'
[0.133s] Level 1:colcon.colcon_core.package_identification:_identify(.) by extensions ['ignore', 'ignore_ament_install']
[0.133s] Level 1:colcon.colcon_core.package_identification:_identify(.) by extension 'ignore'
[0.133s] Level 1:colcon.colcon_core.package_identification:_identify(.) by extension 'ignore_ament_install'
[0.133s] Level 1:colcon.colcon_core.package_identification:_identify(.) by extensions ['colcon_pkg']
[0.133s] Level 1:colcon.colcon_core.package_identification:_identify(.) by extension 'colcon_pkg'
[0.133s] Level 1:colcon.colcon_core.package_identification:_identify(.) by extensions ['colcon_meta']
[0.133s] Level 1:colcon.colcon_core.package_identification:_identify(.) by extension 'colcon_meta'
[0.133s] Level 1:colcon.colcon_core.package_identification:_identify(.) by extensions ['ros']
[0.133s] Level 1:colcon.colcon_core.package_identification:_identify(.) by extension 'ros'
[0.151s] DEBUG:colcon.colcon_core.package_identification:Package '.' with type 'ros.ament_cmake' and name 'husky_ur3_bringup'
[0.151s] Level 1:colcon.colcon_core.package_discovery:discover_packages(recursive) using defaults
[0.151s] Level 1:colcon.colcon_core.package_discovery:discover_packages(ignore) discover
[0.151s] Level 1:colcon.colcon_core.package_discovery:discover_packages(ignore) using defaults
[0.151s] Level 1:colcon.colcon_core.package_discovery:discover_packages(path) discover
[0.151s] Level 1:colcon.colcon_core.package_discovery:discover_packages(path) using defaults
[0.164s] Level 1:colcon.colcon_core.package_discovery:discover_packages(prefix_path) check parameters
[0.164s] Level 1:colcon.colcon_core.package_discovery:discover_packages(prefix_path) discover
[0.166s] DEBUG:colcon.colcon_installed_package_information.package_discovery:Found 1 installed packages in /home/praise/mm_ws/install
[0.166s] DEBUG:colcon.colcon_installed_package_information.package_discovery:Found 0 installed packages in /home/praise/mm_ws/src/husky_ur3_bringup/urdf/install
[0.167s] DEBUG:colcon.colcon_installed_package_information.package_discovery:Found 1 installed packages in /home/praise/ros2_ws/install
[0.167s] DEBUG:colcon.colcon_installed_package_information.package_discovery:Found 370 installed packages in /opt/ros/jazzy
[0.168s] Level 1:colcon.colcon_core.package_discovery:discover_packages(prefix_path) using defaults
[0.192s] Level 5:colcon.colcon_core.verb:set package 'husky_ur3_bringup' build argument 'cmake_args' from command line to 'None'
[0.193s] Level 5:colcon.colcon_core.verb:set package 'husky_ur3_bringup' build argument 'cmake_target' from command line to 'None'
[0.193s] Level 5:colcon.colcon_core.verb:set package 'husky_ur3_bringup' build argument 'cmake_target_skip_unavailable' from command line to 'False'
[0.193s] Level 5:colcon.colcon_core.verb:set package 'husky_ur3_bringup' build argument 'cmake_clean_cache' from command line to 'False'
[0.193s] Level 5:colcon.colcon_core.verb:set package 'husky_ur3_bringup' build argument 'cmake_clean_first' from command line to 'False'
[0.193s] Level 5:colcon.colcon_core.verb:set package 'husky_ur3_bringup' build argument 'cmake_force_configure' from command line to 'False'
[0.193s] Level 5:colcon.colcon_core.verb:set package 'husky_ur3_bringup' build argument 'ament_cmake_args' from command line to 'None'
[0.193s] Level 5:colcon.colcon_core.verb:set package 'husky_ur3_bringup' build argument 'catkin_cmake_args' from command line to 'None'
[0.193s] Level 5:colcon.colcon_core.verb:set package 'husky_ur3_bringup' build argument 'catkin_skip_building_tests' from command line to 'False'
[0.193s] DEBUG:colcon.colcon_core.verb:Building package 'husky_ur3_bringup' with the following arguments: {'ament_cmake_args': None, 'build_base': '/home/praise/mm_ws/src/husky_ur3_bringup/build/husky_ur3_bringup', 'catkin_cmake_args': None, 'catkin_skip_building_tests': False, 'cmake_args': None, 'cmake_clean_cache': False, 'cmake_clean_first': False, 'cmake_force_configure': False, 'cmake_target': None, 'cmake_target_skip_unavailable': False, 'install_base': '/home/praise/mm_ws/src/husky_ur3_bringup/install/husky_ur3_bringup', 'merge_install': False, 'path': '/home/praise/mm_ws/src/husky_ur3_bringup', 'symlink_install': True, 'test_result_base': None}
[0.193s] INFO:colcon.colcon_core.executor:Executing jobs using 'parallel' executor
[0.193s] DEBUG:colcon.colcon_parallel_executor.executor.parallel:run_until_complete
[0.193s] INFO:colcon.colcon_ros.task.ament_cmake.build:Building ROS package in '/home/praise/mm_ws/src/husky_ur3_bringup' with build type 'ament_cmake'
[0.193s] INFO:colcon.colcon_cmake.task.cmake.build:Building CMake package in '/home/praise/mm_ws/src/husky_ur3_bringup'
[0.198s] INFO:colcon.colcon_core.plugin_system:Skipping extension 'colcon_core.shell.bat': Not used on non-Windows systems
[0.198s] INFO:colcon.colcon_core.shell:Skip shell extension 'powershell' for command environment: Not usable outside of PowerShell
[0.198s] DEBUG:colcon.colcon_core.shell:Skip shell extension 'dsv' for command environment
[0.206s] DEBUG:colcon.colcon_core.event_handler.log_command:Invoking command in '/home/praise/mm_ws/src/husky_ur3_bringup/build/husky_ur3_bringup': CMAKE_PREFIX_PATH=${CMAKE_PREFIX_PATH}:/home/praise/ros2_ws/install/mobile_robotics:/opt/ros/jazzy DEBUGINFOD_URLS=https://debuginfod.ubuntu.com /usr/bin/cmake /home/praise/mm_ws/src/husky_ur3_bringup -DAMENT_CMAKE_SYMLINK_INSTALL=1 -DCMAKE_INSTALL_PREFIX=/home/praise/mm_ws/src/husky_ur3_bringup/install/husky_ur3_bringup
[1.122s] DEBUG:colcon.colcon_core.event_handler.log_command:Invoked command in '/home/praise/mm_ws/src/husky_ur3_bringup/build/husky_ur3_bringup' returned '0': CMAKE_PREFIX_PATH=${CMAKE_PREFIX_PATH}:/home/praise/ros2_ws/install/mobile_robotics:/opt/ros/jazzy DEBUGINFOD_URLS=https://debuginfod.ubuntu.com /usr/bin/cmake /home/praise/mm_ws/src/husky_ur3_bringup -DAMENT_CMAKE_SYMLINK_INSTALL=1 -DCMAKE_INSTALL_PREFIX=/home/praise/mm_ws/src/husky_ur3_bringup/install/husky_ur3_bringup
[1.122s] DEBUG:colcon.colcon_core.event_handler.log_command:Invoking command in '/home/praise/mm_ws/src/husky_ur3_bringup/build/husky_ur3_bringup': CMAKE_PREFIX_PATH=${CMAKE_PREFIX_PATH}:/home/praise/ros2_ws/install/mobile_robotics:/opt/ros/jazzy DEBUGINFOD_URLS=https://debuginfod.ubuntu.com /usr/bin/cmake --build /home/praise/mm_ws/src/husky_ur3_bringup/build/husky_ur3_bringup -- -j24 -l24
[1.162s] DEBUG:colcon.colcon_core.event_handler.log_command:Invoked command in '/home/praise/mm_ws/src/husky_ur3_bringup/build/husky_ur3_bringup' returned '0': CMAKE_PREFIX_PATH=${CMAKE_PREFIX_PATH}:/home/praise/ros2_ws/install/mobile_robotics:/opt/ros/jazzy DEBUGINFOD_URLS=https://debuginfod.ubuntu.com /usr/bin/cmake --build /home/praise/mm_ws/src/husky_ur3_bringup/build/husky_ur3_bringup -- -j24 -l24
[1.175s] DEBUG:colcon.colcon_core.event_handler.log_command:Invoking command in '/home/praise/mm_ws/src/husky_ur3_bringup/build/husky_ur3_bringup': CMAKE_PREFIX_PATH=${CMAKE_PREFIX_PATH}:/home/praise/ros2_ws/install/mobile_robotics:/opt/ros/jazzy DEBUGINFOD_URLS=https://debuginfod.ubuntu.com /usr/bin/cmake --install /home/praise/mm_ws/src/husky_ur3_bringup/build/husky_ur3_bringup
[3.244s] Level 1:colcon.colcon_core.environment:create_environment_scripts_only(husky_ur3_bringup)
[3.245s] DEBUG:colcon.colcon_core.event_handler.log_command:Invoked command in '/home/praise/mm_ws/src/husky_ur3_bringup/build/husky_ur3_bringup' returned '0': CMAKE_PREFIX_PATH=${CMAKE_PREFIX_PATH}:/home/praise/ros2_ws/install/mobile_robotics:/opt/ros/jazzy DEBUGINFOD_URLS=https://debuginfod.ubuntu.com /usr/bin/cmake --install /home/praise/mm_ws/src/husky_ur3_bringup/build/husky_ur3_bringup
[3.295s] Level 1:colcon.colcon_core.environment:checking '/home/praise/mm_ws/src/husky_ur3_bringup/install/husky_ur3_bringup' for CMake module files
[3.296s] Level 1:colcon.colcon_core.environment:checking '/home/praise/mm_ws/src/husky_ur3_bringup/install/husky_ur3_bringup' for CMake config files
[3.298s] Level 1:colcon.colcon_core.shell:create_environment_hook('husky_ur3_bringup', 'cmake_prefix_path')
[3.298s] INFO:colcon.colcon_core.shell:Creating environment hook '/home/praise/mm_ws/src/husky_ur3_bringup/install/husky_ur3_bringup/share/husky_ur3_bringup/hook/cmake_prefix_path.ps1'
[3.300s] INFO:colcon.colcon_core.shell:Creating environment descriptor '/home/praise/mm_ws/src/husky_ur3_bringup/install/husky_ur3_bringup/share/husky_ur3_bringup/hook/cmake_prefix_path.dsv'
[3.301s] INFO:colcon.colcon_core.shell:Creating environment hook '/home/praise/mm_ws/src/husky_ur3_bringup/install/husky_ur3_bringup/share/husky_ur3_bringup/hook/cmake_prefix_path.sh'
[3.303s] Level 1:colcon.colcon_core.environment:checking '/home/praise/mm_ws/src/husky_ur3_bringup/install/husky_ur3_bringup/bin'
[3.303s] Level 1:colcon.colcon_core.environment:checking '/home/praise/mm_ws/src/husky_ur3_bringup/install/husky_ur3_bringup/lib/pkgconfig/husky_ur3_bringup.pc'
[3.303s] Level 1:colcon.colcon_core.environment:checking '/home/praise/mm_ws/src/husky_ur3_bringup/install/husky_ur3_bringup/lib/python3.12/site-packages'
[3.304s] Level 1:colcon.colcon_core.environment:checking '/home/praise/mm_ws/src/husky_ur3_bringup/install/husky_ur3_bringup/bin'
[3.304s] INFO:colcon.colcon_core.shell:Creating package script '/home/praise/mm_ws/src/husky_ur3_bringup/install/husky_ur3_bringup/share/husky_ur3_bringup/package.ps1'
[3.305s] INFO:colcon.colcon_core.shell:Creating package descriptor '/home/praise/mm_ws/src/husky_ur3_bringup/install/husky_ur3_bringup/share/husky_ur3_bringup/package.dsv'
[3.306s] INFO:colcon.colcon_core.shell:Creating package script '/home/praise/mm_ws/src/husky_ur3_bringup/install/husky_ur3_bringup/share/husky_ur3_bringup/package.sh'
[3.308s] INFO:colcon.colcon_core.shell:Creating package script '/home/praise/mm_ws/src/husky_ur3_bringup/install/husky_ur3_bringup/share/husky_ur3_bringup/package.bash'
[3.309s] INFO:colcon.colcon_core.shell:Creating package script '/home/praise/mm_ws/src/husky_ur3_bringup/install/husky_ur3_bringup/share/husky_ur3_bringup/package.zsh'
[3.310s] Level 1:colcon.colcon_core.environment:create_file_with_runtime_dependencies(/home/praise/mm_ws/src/husky_ur3_bringup/install/husky_ur3_bringup/share/colcon-core/packages/husky_ur3_bringup)
[3.311s] Level 1:colcon.colcon_core.environment:create_environment_scripts_only(husky_ur3_bringup)
[3.311s] Level 1:colcon.colcon_core.environment:checking '/home/praise/mm_ws/src/husky_ur3_bringup/install/husky_ur3_bringup' for CMake module files
[3.312s] Level 1:colcon.colcon_core.environment:checking '/home/praise/mm_ws/src/husky_ur3_bringup/install/husky_ur3_bringup' for CMake config files
[3.313s] Level 1:colcon.colcon_core.shell:create_environment_hook('husky_ur3_bringup', 'cmake_prefix_path')
[3.313s] INFO:colcon.colcon_core.shell:Creating environment hook '/home/praise/mm_ws/src/husky_ur3_bringup/install/husky_ur3_bringup/share/husky_ur3_bringup/hook/cmake_prefix_path.ps1'
[3.313s] INFO:colcon.colcon_core.shell:Creating environment descriptor '/home/praise/mm_ws/src/husky_ur3_bringup/install/husky_ur3_bringup/share/husky_ur3_bringup/hook/cmake_prefix_path.dsv'
[3.314s] INFO:colcon.colcon_core.shell:Creating environment hook '/home/praise/mm_ws/src/husky_ur3_bringup/install/husky_ur3_bringup/share/husky_ur3_bringup/hook/cmake_prefix_path.sh'
[3.314s] Level 1:colcon.colcon_core.environment:checking '/home/praise/mm_ws/src/husky_ur3_bringup/install/husky_ur3_bringup/bin'
[3.314s] Level 1:colcon.colcon_core.environment:checking '/home/praise/mm_ws/src/husky_ur3_bringup/install/husky_ur3_bringup/lib/pkgconfig/husky_ur3_bringup.pc'
[3.314s] Level 1:colcon.colcon_core.environment:checking '/home/praise/mm_ws/src/husky_ur3_bringup/install/husky_ur3_bringup/lib/python3.12/site-packages'
[3.314s] Level 1:colcon.colcon_core.environment:checking '/home/praise/mm_ws/src/husky_ur3_bringup/install/husky_ur3_bringup/bin'
[3.315s] INFO:colcon.colcon_core.shell:Creating package script '/home/praise/mm_ws/src/husky_ur3_bringup/install/husky_ur3_bringup/share/husky_ur3_bringup/package.ps1'
[3.315s] INFO:colcon.colcon_core.shell:Creating package descriptor '/home/praise/mm_ws/src/husky_ur3_bringup/install/husky_ur3_bringup/share/husky_ur3_bringup/package.dsv'
[3.315s] INFO:colcon.colcon_core.shell:Creating package script '/home/praise/mm_ws/src/husky_ur3_bringup/install/husky_ur3_bringup/share/husky_ur3_bringup/package.sh'
[3.316s] INFO:colcon.colcon_core.shell:Creating package script '/home/praise/mm_ws/src/husky_ur3_bringup/install/husky_ur3_bringup/share/husky_ur3_bringup/package.bash'
[3.316s] INFO:colcon.colcon_core.shell:Creating package script '/home/praise/mm_ws/src/husky_ur3_bringup/install/husky_ur3_bringup/share/husky_ur3_bringup/package.zsh'
[3.316s] Level 1:colcon.colcon_core.environment:create_file_with_runtime_dependencies(/home/praise/mm_ws/src/husky_ur3_bringup/install/husky_ur3_bringup/share/colcon-core/packages/husky_ur3_bringup)
[3.316s] DEBUG:colcon.colcon_parallel_executor.executor.parallel:closing loop
[3.316s] DEBUG:colcon.colcon_parallel_executor.executor.parallel:loop closed
[3.316s] DEBUG:colcon.colcon_parallel_executor.executor.parallel:run_until_complete finished with '0'
[3.316s] DEBUG:colcon.colcon_core.event_reactor:joining thread
[3.324s] INFO:colcon.colcon_core.plugin_system:Skipping extension 'colcon_notification.desktop_notification.terminal_notifier': Not used on non-Darwin systems
[3.324s] INFO:colcon.colcon_core.plugin_system:Skipping extension 'colcon_notification.desktop_notification.win32': Not used on non-Windows systems
[3.324s] INFO:colcon.colcon_notification.desktop_notification:Sending desktop notification using 'notify2'
[3.345s] DEBUG:colcon.colcon_core.event_reactor:joined thread
[3.345s] INFO:colcon.colcon_core.shell:Creating prefix script '/home/praise/mm_ws/src/husky_ur3_bringup/install/local_setup.ps1'
[3.346s] INFO:colcon.colcon_core.shell:Creating prefix util module '/home/praise/mm_ws/src/husky_ur3_bringup/install/_local_setup_util_ps1.py'
[3.348s] INFO:colcon.colcon_core.shell:Creating prefix chain script '/home/praise/mm_ws/src/husky_ur3_bringup/install/setup.ps1'
[3.349s] INFO:colcon.colcon_core.shell:Creating prefix script '/home/praise/mm_ws/src/husky_ur3_bringup/install/local_setup.sh'
[3.350s] INFO:colcon.colcon_core.shell:Creating prefix util module '/home/praise/mm_ws/src/husky_ur3_bringup/install/_local_setup_util_sh.py'
[3.350s] INFO:colcon.colcon_core.shell:Creating prefix chain script '/home/praise/mm_ws/src/husky_ur3_bringup/install/setup.sh'
[3.351s] INFO:colcon.colcon_core.shell:Creating prefix script '/home/praise/mm_ws/src/husky_ur3_bringup/install/local_setup.bash'
[3.352s] INFO:colcon.colcon_core.shell:Creating prefix chain script '/home/praise/mm_ws/src/husky_ur3_bringup/install/setup.bash'
[3.353s] INFO:colcon.colcon_core.shell:Creating prefix script '/home/praise/mm_ws/src/husky_ur3_bringup/install/local_setup.zsh'
[3.354s] INFO:colcon.colcon_core.shell:Creating prefix chain script '/home/praise/mm_ws/src/husky_ur3_bringup/install/setup.zsh'
