[0.007s] Invoking command in '/home/praise/mm_ws/build/husky_ur3_bringup': CMAKE_PREFIX_PATH=${CMAKE_PREFIX_PATH}:/opt/ros/jazzy DEBUGINFOD_URLS=https://debuginfod.ubuntu.com /usr/bin/cmake --build /home/praise/mm_ws/build/husky_ur3_bringup -- -j24 -l24
[0.061s] Invoked command in '/home/praise/mm_ws/build/husky_ur3_bringup' returned '0': CMAKE_PREFIX_PATH=${CMAKE_PREFIX_PATH}:/opt/ros/jazzy DEBUGINFOD_URLS=https://debuginfod.ubuntu.com /usr/bin/cmake --build /home/praise/mm_ws/build/husky_ur3_bringup -- -j24 -l24
[0.074s] Invoking command in '/home/praise/mm_ws/build/husky_ur3_bringup': CMAKE_PREFIX_PATH=${CMAKE_PREFIX_PATH}:/opt/ros/jazzy DEBUGINFOD_URLS=https://debuginfod.ubuntu.com /usr/bin/cmake --install /home/praise/mm_ws/build/husky_ur3_bringup
[0.086s] -- Install configuration: ""
[0.086s] -- Execute custom install script
[0.087s] -- Up-to-date symlink: /home/praise/mm_ws/install/husky_ur3_bringup/share/husky_ur3_bringup/urdf/README.md
[0.088s] -- Up-to-date symlink: /home/praise/mm_ws/install/husky_ur3_bringup/share/husky_ur3_bringup/urdf/accessories/d435_camera_g.urdf.xacro
[0.088s] -- Up-to-date symlink: /home/praise/mm_ws/install/husky_ur3_bringup/share/husky_ur3_bringup/urdf/accessories/d435_camera_h.urdf.xacro
[0.088s] -- Up-to-date symlink: /home/praise/mm_ws/install/husky_ur3_bringup/share/husky_ur3_bringup/urdf/accessories/kinect_camera.urdf.xacro
[0.088s] -- Up-to-date symlink: /home/praise/mm_ws/install/husky_ur3_bringup/share/husky_ur3_bringup/urdf/accessories/sensor_arch.urdf.xacro
[0.088s] -- Up-to-date symlink: /home/praise/mm_ws/install/husky_ur3_bringup/share/husky_ur3_bringup/urdf/accessories/sick_tim571.urdf.xacro
[0.088s] -- Up-to-date symlink: /home/praise/mm_ws/install/husky_ur3_bringup/share/husky_ur3_bringup/urdf/common.gazebo.xacro
[0.089s] -- Up-to-date symlink: /home/praise/mm_ws/install/husky_ur3_bringup/share/husky_ur3_bringup/urdf/d435_camera.urdf.xacro
[0.089s] -- Up-to-date symlink: /home/praise/mm_ws/install/husky_ur3_bringup/share/husky_ur3_bringup/urdf/decorations.urdf.xacro
[0.089s] -- Up-to-date symlink: /home/praise/mm_ws/install/husky_ur3_bringup/share/husky_ur3_bringup/urdf/empty.urdf
[0.089s] -- Up-to-date symlink: /home/praise/mm_ws/install/husky_ur3_bringup/share/husky_ur3_bringup/urdf/husky.urdf.xacro
[0.089s] -- Up-to-date symlink: /home/praise/mm_ws/install/husky_ur3_bringup/share/husky_ur3_bringup/urdf/husky_ur3.urdf.xacro
[0.089s] -- Up-to-date symlink: /home/praise/mm_ws/install/husky_ur3_bringup/share/husky_ur3_bringup/urdf/husky_ur3_8DOF.urdf.xacro
[0.089s] -- Up-to-date symlink: /home/praise/mm_ws/install/husky_ur3_bringup/share/husky_ur3_bringup/urdf/husky_ur3_gripper.urdf.xacro
[0.089s] -- Up-to-date symlink: /home/praise/mm_ws/install/husky_ur3_bringup/share/husky_ur3_bringup/urdf/materials.xacro
[0.089s] -- Up-to-date symlink: /home/praise/mm_ws/install/husky_ur3_bringup/share/husky_ur3_bringup/urdf/realsense.xacro
[0.089s] -- Up-to-date symlink: /home/praise/mm_ws/install/husky_ur3_bringup/share/husky_ur3_bringup/urdf/rh_p12_rn.gazebo
[0.089s] -- Up-to-date symlink: /home/praise/mm_ws/install/husky_ur3_bringup/share/husky_ur3_bringup/urdf/rh_p12_rn.xacro
[0.089s] -- Up-to-date symlink: /home/praise/mm_ws/install/husky_ur3_bringup/share/husky_ur3_bringup/urdf/rh_p12_rn_gripper.xacro
[0.089s] -- Up-to-date symlink: /home/praise/mm_ws/install/husky_ur3_bringup/share/husky_ur3_bringup/urdf/ur.gazebo.xacro
[0.089s] -- Up-to-date symlink: /home/praise/mm_ws/install/husky_ur3_bringup/share/husky_ur3_bringup/urdf/ur.transmission.xacro
[0.089s] -- Up-to-date symlink: /home/praise/mm_ws/install/husky_ur3_bringup/share/husky_ur3_bringup/urdf/ur3.urdf.xacro
[0.089s] -- Up-to-date symlink: /home/praise/mm_ws/install/husky_ur3_bringup/share/husky_ur3_bringup/urdf/ur3_gripper.urdf.xacro
[0.090s] -- Up-to-date symlink: /home/praise/mm_ws/install/husky_ur3_bringup/share/husky_ur3_bringup/urdf/ur3_joint_limited_robot.urdf.xacro
[0.090s] -- Up-to-date symlink: /home/praise/mm_ws/install/husky_ur3_bringup/share/husky_ur3_bringup/urdf/ur3_robot.urdf.xacro
[0.090s] -- Up-to-date symlink: /home/praise/mm_ws/install/husky_ur3_bringup/share/husky_ur3_bringup/urdf/ur3_robot_gripper.urdf.xacro
[0.090s] -- Up-to-date symlink: /home/praise/mm_ws/install/husky_ur3_bringup/share/husky_ur3_bringup/urdf/wheel.urdf.xacro
[0.090s] -- Up-to-date symlink: /home/praise/mm_ws/install/husky_ur3_bringup/share/husky_ur3_bringup/meshes/UR_Contorl_Box.stl
[0.090s] -- Up-to-date symlink: /home/praise/mm_ws/install/husky_ur3_bringup/share/husky_ur3_bringup/meshes/accessories/300_mm_sensor_arch.dae
[0.090s] -- Up-to-date symlink: /home/praise/mm_ws/install/husky_ur3_bringup/share/husky_ur3_bringup/meshes/accessories/300_mm_sensor_arch.stl
[0.090s] -- Up-to-date symlink: /home/praise/mm_ws/install/husky_ur3_bringup/share/husky_ur3_bringup/meshes/accessories/510_mm_sensor_arch.dae
[0.090s] -- Up-to-date symlink: /home/praise/mm_ws/install/husky_ur3_bringup/share/husky_ur3_bringup/meshes/accessories/510_mm_sensor_arch.stl
[0.090s] -- Up-to-date symlink: /home/praise/mm_ws/install/husky_ur3_bringup/share/husky_ur3_bringup/meshes/accessories/d435.dae
[0.091s] -- Up-to-date symlink: /home/praise/mm_ws/install/husky_ur3_bringup/share/husky_ur3_bringup/meshes/accessories/d435_mount.stl
[0.091s] -- Up-to-date symlink: /home/praise/mm_ws/install/husky_ur3_bringup/share/husky_ur3_bringup/meshes/accessories/d435_mount_down.stl
[0.091s] -- Up-to-date symlink: /home/praise/mm_ws/install/husky_ur3_bringup/share/husky_ur3_bringup/meshes/accessories/kinect.dae
[0.091s] -- Up-to-date symlink: /home/praise/mm_ws/install/husky_ur3_bringup/share/husky_ur3_bringup/meshes/accessories/kinect.jpg
[0.091s] -- Up-to-date symlink: /home/praise/mm_ws/install/husky_ur3_bringup/share/husky_ur3_bringup/meshes/accessories/kinect.tga
[0.091s] -- Up-to-date symlink: /home/praise/mm_ws/install/husky_ur3_bringup/share/husky_ur3_bringup/meshes/accessories/lidar_mount.stl
[0.091s] -- Up-to-date symlink: /home/praise/mm_ws/install/husky_ur3_bringup/share/husky_ur3_bringup/meshes/accessories/lms1xx_mount.dae
[0.091s] -- Up-to-date symlink: /home/praise/mm_ws/install/husky_ur3_bringup/share/husky_ur3_bringup/meshes/accessories/lms1xx_mount.stl
[0.091s] -- Up-to-date symlink: /home/praise/mm_ws/install/husky_ur3_bringup/share/husky_ur3_bringup/meshes/base.stl
[0.091s] -- Up-to-date symlink: /home/praise/mm_ws/install/husky_ur3_bringup/share/husky_ur3_bringup/meshes/base_link.dae
[0.091s] -- Up-to-date symlink: /home/praise/mm_ws/install/husky_ur3_bringup/share/husky_ur3_bringup/meshes/base_link.stl
[0.091s] -- Up-to-date symlink: /home/praise/mm_ws/install/husky_ur3_bringup/share/husky_ur3_bringup/meshes/bumper.dae
[0.091s] -- Up-to-date symlink: /home/praise/mm_ws/install/husky_ur3_bringup/share/husky_ur3_bringup/meshes/bumper_extension.dae
[0.092s] -- Up-to-date symlink: /home/praise/mm_ws/install/husky_ur3_bringup/share/husky_ur3_bringup/meshes/d435_mount_down.stl
[0.092s] -- Up-to-date symlink: /home/praise/mm_ws/install/husky_ur3_bringup/share/husky_ur3_bringup/meshes/l1.stl
[0.092s] -- Up-to-date symlink: /home/praise/mm_ws/install/husky_ur3_bringup/share/husky_ur3_bringup/meshes/l2.stl
[0.092s] -- Up-to-date symlink: /home/praise/mm_ws/install/husky_ur3_bringup/share/husky_ur3_bringup/meshes/large_top_plate.dae
[0.092s] -- Up-to-date symlink: /home/praise/mm_ws/install/husky_ur3_bringup/share/husky_ur3_bringup/meshes/large_top_plate_collision.stl
[0.092s] -- Up-to-date symlink: /home/praise/mm_ws/install/husky_ur3_bringup/share/husky_ur3_bringup/meshes/r1.stl
[0.092s] -- Up-to-date symlink: /home/praise/mm_ws/install/husky_ur3_bringup/share/husky_ur3_bringup/meshes/r2.stl
[0.092s] -- Up-to-date symlink: /home/praise/mm_ws/install/husky_ur3_bringup/share/husky_ur3_bringup/meshes/sick_tim/sick_tim.stl
[0.092s] -- Up-to-date symlink: /home/praise/mm_ws/install/husky_ur3_bringup/share/husky_ur3_bringup/meshes/sick_tim/sick_tim551.stl
[0.092s] -- Up-to-date symlink: /home/praise/mm_ws/install/husky_ur3_bringup/share/husky_ur3_bringup/meshes/sick_tim/sick_tim571.dae
[0.092s] -- Up-to-date symlink: /home/praise/mm_ws/install/husky_ur3_bringup/share/husky_ur3_bringup/meshes/top_chassis.dae
[0.092s] -- Up-to-date symlink: /home/praise/mm_ws/install/husky_ur3_bringup/share/husky_ur3_bringup/meshes/top_chassis.stl
[0.092s] -- Up-to-date symlink: /home/praise/mm_ws/install/husky_ur3_bringup/share/husky_ur3_bringup/meshes/top_plate.dae
[0.093s] -- Up-to-date symlink: /home/praise/mm_ws/install/husky_ur3_bringup/share/husky_ur3_bringup/meshes/top_plate.stl
[0.093s] -- Up-to-date symlink: /home/praise/mm_ws/install/husky_ur3_bringup/share/husky_ur3_bringup/meshes/ur10/collision/base.stl
[0.093s] -- Up-to-date symlink: /home/praise/mm_ws/install/husky_ur3_bringup/share/husky_ur3_bringup/meshes/ur10/collision/forearm.stl
[0.093s] -- Up-to-date symlink: /home/praise/mm_ws/install/husky_ur3_bringup/share/husky_ur3_bringup/meshes/ur10/collision/shoulder.stl
[0.093s] -- Up-to-date symlink: /home/praise/mm_ws/install/husky_ur3_bringup/share/husky_ur3_bringup/meshes/ur10/collision/upperarm.stl
[0.093s] -- Up-to-date symlink: /home/praise/mm_ws/install/husky_ur3_bringup/share/husky_ur3_bringup/meshes/ur10/collision/wrist1.stl
[0.093s] -- Up-to-date symlink: /home/praise/mm_ws/install/husky_ur3_bringup/share/husky_ur3_bringup/meshes/ur10/collision/wrist2.stl
[0.093s] -- Up-to-date symlink: /home/praise/mm_ws/install/husky_ur3_bringup/share/husky_ur3_bringup/meshes/ur10/collision/wrist3.stl
[0.093s] -- Up-to-date symlink: /home/praise/mm_ws/install/husky_ur3_bringup/share/husky_ur3_bringup/meshes/ur10/visual/base.dae
[0.093s] -- Up-to-date symlink: /home/praise/mm_ws/install/husky_ur3_bringup/share/husky_ur3_bringup/meshes/ur10/visual/forearm.dae
[0.093s] -- Up-to-date symlink: /home/praise/mm_ws/install/husky_ur3_bringup/share/husky_ur3_bringup/meshes/ur10/visual/shoulder.dae
[0.093s] -- Up-to-date symlink: /home/praise/mm_ws/install/husky_ur3_bringup/share/husky_ur3_bringup/meshes/ur10/visual/upperarm.dae
[0.093s] -- Up-to-date symlink: /home/praise/mm_ws/install/husky_ur3_bringup/share/husky_ur3_bringup/meshes/ur10/visual/wrist1.dae
[0.093s] -- Up-to-date symlink: /home/praise/mm_ws/install/husky_ur3_bringup/share/husky_ur3_bringup/meshes/ur10/visual/wrist2.dae
[0.094s] -- Up-to-date symlink: /home/praise/mm_ws/install/husky_ur3_bringup/share/husky_ur3_bringup/meshes/ur10/visual/wrist3.dae
[0.094s] -- Up-to-date symlink: /home/praise/mm_ws/install/husky_ur3_bringup/share/husky_ur3_bringup/meshes/ur3/collision/base.stl
[0.094s] -- Up-to-date symlink: /home/praise/mm_ws/install/husky_ur3_bringup/share/husky_ur3_bringup/meshes/ur3/collision/forearm.stl
[0.094s] -- Up-to-date symlink: /home/praise/mm_ws/install/husky_ur3_bringup/share/husky_ur3_bringup/meshes/ur3/collision/shoulder.stl
[0.094s] -- Up-to-date symlink: /home/praise/mm_ws/install/husky_ur3_bringup/share/husky_ur3_bringup/meshes/ur3/collision/upperarm.stl
[0.094s] -- Up-to-date symlink: /home/praise/mm_ws/install/husky_ur3_bringup/share/husky_ur3_bringup/meshes/ur3/collision/wrist1.stl
[0.094s] -- Up-to-date symlink: /home/praise/mm_ws/install/husky_ur3_bringup/share/husky_ur3_bringup/meshes/ur3/collision/wrist2.stl
[0.094s] -- Up-to-date symlink: /home/praise/mm_ws/install/husky_ur3_bringup/share/husky_ur3_bringup/meshes/ur3/collision/wrist3.stl
[0.094s] -- Up-to-date symlink: /home/praise/mm_ws/install/husky_ur3_bringup/share/husky_ur3_bringup/meshes/ur3/visual/base.dae
[0.094s] -- Up-to-date symlink: /home/praise/mm_ws/install/husky_ur3_bringup/share/husky_ur3_bringup/meshes/ur3/visual/forearm.dae
[0.094s] -- Up-to-date symlink: /home/praise/mm_ws/install/husky_ur3_bringup/share/husky_ur3_bringup/meshes/ur3/visual/shoulder.dae
[0.094s] -- Up-to-date symlink: /home/praise/mm_ws/install/husky_ur3_bringup/share/husky_ur3_bringup/meshes/ur3/visual/upperarm.dae
[0.094s] -- Up-to-date symlink: /home/praise/mm_ws/install/husky_ur3_bringup/share/husky_ur3_bringup/meshes/ur3/visual/wrist1.dae
[0.094s] -- Up-to-date symlink: /home/praise/mm_ws/install/husky_ur3_bringup/share/husky_ur3_bringup/meshes/ur3/visual/wrist2.dae
[0.095s] -- Up-to-date symlink: /home/praise/mm_ws/install/husky_ur3_bringup/share/husky_ur3_bringup/meshes/ur3/visual/wrist3.dae
[0.095s] -- Up-to-date symlink: /home/praise/mm_ws/install/husky_ur3_bringup/share/husky_ur3_bringup/meshes/ur3_box.stl
[0.095s] -- Up-to-date symlink: /home/praise/mm_ws/install/husky_ur3_bringup/share/husky_ur3_bringup/meshes/ur5/collision/base.stl
[0.095s] -- Up-to-date symlink: /home/praise/mm_ws/install/husky_ur3_bringup/share/husky_ur3_bringup/meshes/ur5/collision/forearm.stl
[0.095s] -- Up-to-date symlink: /home/praise/mm_ws/install/husky_ur3_bringup/share/husky_ur3_bringup/meshes/ur5/collision/shoulder.stl
[0.095s] -- Up-to-date symlink: /home/praise/mm_ws/install/husky_ur3_bringup/share/husky_ur3_bringup/meshes/ur5/collision/upperarm.stl
[0.095s] -- Up-to-date symlink: /home/praise/mm_ws/install/husky_ur3_bringup/share/husky_ur3_bringup/meshes/ur5/collision/wrist1.stl
[0.095s] -- Up-to-date symlink: /home/praise/mm_ws/install/husky_ur3_bringup/share/husky_ur3_bringup/meshes/ur5/collision/wrist2.stl
[0.095s] -- Up-to-date symlink: /home/praise/mm_ws/install/husky_ur3_bringup/share/husky_ur3_bringup/meshes/ur5/collision/wrist3.stl
[0.095s] -- Up-to-date symlink: /home/praise/mm_ws/install/husky_ur3_bringup/share/husky_ur3_bringup/meshes/ur5/visual/base.dae
[0.095s] -- Up-to-date symlink: /home/praise/mm_ws/install/husky_ur3_bringup/share/husky_ur3_bringup/meshes/ur5/visual/forearm.dae
[0.095s] -- Up-to-date symlink: /home/praise/mm_ws/install/husky_ur3_bringup/share/husky_ur3_bringup/meshes/ur5/visual/shoulder.dae
[0.096s] -- Up-to-date symlink: /home/praise/mm_ws/install/husky_ur3_bringup/share/husky_ur3_bringup/meshes/ur5/visual/upperarm.dae
[0.096s] -- Up-to-date symlink: /home/praise/mm_ws/install/husky_ur3_bringup/share/husky_ur3_bringup/meshes/ur5/visual/wrist1.dae
[0.096s] -- Up-to-date symlink: /home/praise/mm_ws/install/husky_ur3_bringup/share/husky_ur3_bringup/meshes/ur5/visual/wrist2.dae
[0.096s] -- Up-to-date symlink: /home/praise/mm_ws/install/husky_ur3_bringup/share/husky_ur3_bringup/meshes/ur5/visual/wrist3.dae
[0.096s] -- Up-to-date symlink: /home/praise/mm_ws/install/husky_ur3_bringup/share/husky_ur3_bringup/meshes/user_rail.dae
[0.096s] -- Up-to-date symlink: /home/praise/mm_ws/install/husky_ur3_bringup/share/husky_ur3_bringup/meshes/user_rail.stl
[0.096s] -- Up-to-date symlink: /home/praise/mm_ws/install/husky_ur3_bringup/share/husky_ur3_bringup/meshes/wheel.dae
[0.096s] -- Up-to-date symlink: /home/praise/mm_ws/install/husky_ur3_bringup/share/husky_ur3_bringup/meshes/wheel.stl
[0.096s] -- Up-to-date symlink: /home/praise/mm_ws/install/husky_ur3_bringup/share/husky_ur3_bringup/config/README.md
[0.096s] -- Up-to-date symlink: /home/praise/mm_ws/install/husky_ur3_bringup/share/husky_ur3_bringup/config/controllers.yaml
[0.096s] -- Up-to-date symlink: /home/praise/mm_ws/install/husky_ur3_bringup/share/husky_ur3_bringup/launch/README.md
[0.097s] -- Up-to-date symlink: /home/praise/mm_ws/install/husky_ur3_bringup/share/husky_ur3_bringup/launch/sim.launch.py
[0.097s] -- Up-to-date symlink: /home/praise/mm_ws/install/husky_ur3_bringup/share/husky_ur3_bringup/resources/models/base_gps/model.sdf
[0.097s] -- Up-to-date symlink: /home/praise/mm_ws/install/husky_ur3_bringup/share/husky_ur3_bringup/resources/models/base_imu/model.sdf
[0.098s] -- Up-to-date symlink: /home/praise/mm_ws/install/husky_ur3_bringup/share/husky_ur3_bringup/resources/models/bin/model.config
[0.098s] -- Up-to-date symlink: /home/praise/mm_ws/install/husky_ur3_bringup/share/husky_ur3_bringup/resources/models/bin/model.sdf
[0.098s] -- Up-to-date symlink: /home/praise/mm_ws/install/husky_ur3_bringup/share/husky_ur3_bringup/resources/models/bin/model_abbreviated.sdf
[0.098s] -- Up-to-date symlink: /home/praise/mm_ws/install/husky_ur3_bringup/share/husky_ur3_bringup/resources/models/bin/tags/MarkerData_0.png
[0.098s] -- Up-to-date symlink: /home/praise/mm_ws/install/husky_ur3_bringup/share/husky_ur3_bringup/resources/models/bin/tags/MarkerData_1.png
[0.098s] -- Up-to-date symlink: /home/praise/mm_ws/install/husky_ur3_bringup/share/husky_ur3_bringup/resources/models/bin/tags/MarkerData_10.png
[0.098s] -- Up-to-date symlink: /home/praise/mm_ws/install/husky_ur3_bringup/share/husky_ur3_bringup/resources/models/bin/tags/MarkerData_11.png
[0.098s] -- Up-to-date symlink: /home/praise/mm_ws/install/husky_ur3_bringup/share/husky_ur3_bringup/resources/models/bin/tags/MarkerData_2.png
[0.098s] -- Up-to-date symlink: /home/praise/mm_ws/install/husky_ur3_bringup/share/husky_ur3_bringup/resources/models/bin/tags/MarkerData_3.png
[0.098s] -- Up-to-date symlink: /home/praise/mm_ws/install/husky_ur3_bringup/share/husky_ur3_bringup/resources/models/bin/tags/MarkerData_4.png
[0.098s] -- Up-to-date symlink: /home/praise/mm_ws/install/husky_ur3_bringup/share/husky_ur3_bringup/resources/models/bin/tags/MarkerData_5.png
[0.098s] -- Up-to-date symlink: /home/praise/mm_ws/install/husky_ur3_bringup/share/husky_ur3_bringup/resources/models/bin/tags/MarkerData_6.png
[0.098s] -- Up-to-date symlink: /home/praise/mm_ws/install/husky_ur3_bringup/share/husky_ur3_bringup/resources/models/bin/tags/MarkerData_7.png
[0.099s] -- Up-to-date symlink: /home/praise/mm_ws/install/husky_ur3_bringup/share/husky_ur3_bringup/resources/models/bin/tags/MarkerData_8.png
[0.099s] -- Up-to-date symlink: /home/praise/mm_ws/install/husky_ur3_bringup/share/husky_ur3_bringup/resources/models/bin/tags/MarkerData_9.png
[0.099s] -- Up-to-date symlink: /home/praise/mm_ws/install/husky_ur3_bringup/share/husky_ur3_bringup/resources/models/bin/tags/elevator.material
[0.099s] -- Up-to-date symlink: /home/praise/mm_ws/install/husky_ur3_bringup/share/husky_ur3_bringup/resources/models/bin/tags/elevator.png
[0.099s] -- Up-to-date symlink: /home/praise/mm_ws/install/husky_ur3_bringup/share/husky_ur3_bringup/resources/models/bin/tags/generate_codes_and_materials.py
[0.099s] -- Up-to-date symlink: /home/praise/mm_ws/install/husky_ur3_bringup/share/husky_ur3_bringup/resources/models/bin/tags/inner_elv.material
[0.099s] -- Up-to-date symlink: /home/praise/mm_ws/install/husky_ur3_bringup/share/husky_ur3_bringup/resources/models/bin/tags/inner_elv.png
[0.099s] -- Up-to-date symlink: /home/praise/mm_ws/install/husky_ur3_bringup/share/husky_ur3_bringup/resources/models/bin/tags/make_montage.sh
[0.099s] -- Up-to-date symlink: /home/praise/mm_ws/install/husky_ur3_bringup/share/husky_ur3_bringup/resources/models/bin/tags/product_0.material
[0.099s] -- Up-to-date symlink: /home/praise/mm_ws/install/husky_ur3_bringup/share/husky_ur3_bringup/resources/models/bin/tags/product_1.material
[0.099s] -- Up-to-date symlink: /home/praise/mm_ws/install/husky_ur3_bringup/share/husky_ur3_bringup/resources/models/bin/tags/product_10.material
[0.099s] -- Up-to-date symlink: /home/praise/mm_ws/install/husky_ur3_bringup/share/husky_ur3_bringup/resources/models/bin/tags/product_11.material
[0.100s] -- Up-to-date symlink: /home/praise/mm_ws/install/husky_ur3_bringup/share/husky_ur3_bringup/resources/models/bin/tags/product_2.material
[0.100s] -- Up-to-date symlink: /home/praise/mm_ws/install/husky_ur3_bringup/share/husky_ur3_bringup/resources/models/bin/tags/product_3.material
[0.100s] -- Up-to-date symlink: /home/praise/mm_ws/install/husky_ur3_bringup/share/husky_ur3_bringup/resources/models/bin/tags/product_4.material
[0.100s] -- Up-to-date symlink: /home/praise/mm_ws/install/husky_ur3_bringup/share/husky_ur3_bringup/resources/models/bin/tags/product_5.material
[0.100s] -- Up-to-date symlink: /home/praise/mm_ws/install/husky_ur3_bringup/share/husky_ur3_bringup/resources/models/bin/tags/product_6.material
[0.100s] -- Up-to-date symlink: /home/praise/mm_ws/install/husky_ur3_bringup/share/husky_ur3_bringup/resources/models/bin/tags/product_7.material
[0.100s] -- Up-to-date symlink: /home/praise/mm_ws/install/husky_ur3_bringup/share/husky_ur3_bringup/resources/models/bin/tags/product_8.material
[0.100s] -- Up-to-date symlink: /home/praise/mm_ws/install/husky_ur3_bringup/share/husky_ur3_bringup/resources/models/bin/tags/product_9.material
[0.100s] -- Up-to-date symlink: /home/praise/mm_ws/install/husky_ur3_bringup/share/husky_ur3_bringup/resources/models/front_laser/model.sdf
[0.100s] -- Up-to-date symlink: /home/praise/mm_ws/install/husky_ur3_bringup/share/husky_ur3_bringup/resources/models/product_0/model.config
[0.100s] -- Up-to-date symlink: /home/praise/mm_ws/install/husky_ur3_bringup/share/husky_ur3_bringup/resources/models/product_0/model.sdf
[0.100s] -- Up-to-date symlink: /home/praise/mm_ws/install/husky_ur3_bringup/share/ament_index/resource_index/package_run_dependencies/husky_ur3_bringup
[0.101s] -- Up-to-date symlink: /home/praise/mm_ws/install/husky_ur3_bringup/share/ament_index/resource_index/parent_prefix_path/husky_ur3_bringup
[0.101s] -- Up-to-date symlink: /home/praise/mm_ws/install/husky_ur3_bringup/share/husky_ur3_bringup/environment/ament_prefix_path.sh
[0.101s] -- Up-to-date symlink: /home/praise/mm_ws/install/husky_ur3_bringup/share/husky_ur3_bringup/environment/ament_prefix_path.dsv
[0.101s] -- Up-to-date symlink: /home/praise/mm_ws/install/husky_ur3_bringup/share/husky_ur3_bringup/environment/path.sh
[0.101s] -- Up-to-date symlink: /home/praise/mm_ws/install/husky_ur3_bringup/share/husky_ur3_bringup/environment/path.dsv
[0.101s] -- Up-to-date symlink: /home/praise/mm_ws/install/husky_ur3_bringup/share/husky_ur3_bringup/local_setup.bash
[0.101s] -- Up-to-date symlink: /home/praise/mm_ws/install/husky_ur3_bringup/share/husky_ur3_bringup/local_setup.sh
[0.102s] -- Up-to-date symlink: /home/praise/mm_ws/install/husky_ur3_bringup/share/husky_ur3_bringup/local_setup.zsh
[0.102s] -- Up-to-date symlink: /home/praise/mm_ws/install/husky_ur3_bringup/share/husky_ur3_bringup/local_setup.dsv
[0.102s] -- Symlinking: /home/praise/mm_ws/install/husky_ur3_bringup/share/husky_ur3_bringup/package.dsv
[0.114s] -- Up-to-date symlink: /home/praise/mm_ws/install/husky_ur3_bringup/share/ament_index/resource_index/packages/husky_ur3_bringup
[0.115s] -- Up-to-date symlink: /home/praise/mm_ws/install/husky_ur3_bringup/share/husky_ur3_bringup/cmake/husky_ur3_bringupConfig.cmake
[0.115s] -- Up-to-date symlink: /home/praise/mm_ws/install/husky_ur3_bringup/share/husky_ur3_bringup/cmake/husky_ur3_bringupConfig-version.cmake
[0.115s] -- Up-to-date symlink: /home/praise/mm_ws/install/husky_ur3_bringup/share/husky_ur3_bringup/package.xml
[0.120s] Invoked command in '/home/praise/mm_ws/build/husky_ur3_bringup' returned '0': CMAKE_PREFIX_PATH=${CMAKE_PREFIX_PATH}:/opt/ros/jazzy DEBUGINFOD_URLS=https://debuginfod.ubuntu.com /usr/bin/cmake --install /home/praise/mm_ws/build/husky_ur3_bringup
