[0.012s] Invoking command in '/home/praise/mm_ws/src/husky_ur3_bringup/build/husky_ur3_bringup': CMAKE_PREFIX_PATH=${CMAKE_PREFIX_PATH}:/home/praise/ros2_ws/install/mobile_robotics:/opt/ros/jazzy DEBUGINFOD_URLS=https://debuginfod.ubuntu.com /usr/bin/cmake /home/praise/mm_ws/src/husky_ur3_bringup -DAMENT_CMAKE_SYMLINK_INSTALL=1 -DCMAKE_INSTALL_PREFIX=/home/praise/mm_ws/src/husky_ur3_bringup/install/husky_ur3_bringup
[0.226s] -- The C compiler identification is GNU 13.3.0
[0.362s] -- The CXX compiler identification is GNU 13.3.0
[0.386s] -- Detecting C compiler ABI info
[0.508s] -- Detecting C compiler ABI info - done
[0.521s] -- Check for working C compiler: /usr/bin/cc - skipped
[0.523s] -- Detecting C compile features
[0.523s] -- Detecting C compile features - done
[0.534s] -- Detecting CXX compiler ABI info
[0.677s] -- Detecting CXX compiler ABI info - done
[0.683s] -- Check for working CXX compiler: /usr/bin/c++ - skipped
[0.683s] -- Detecting CXX compile features
[0.683s] -- Detecting CXX compile features - done
[0.693s] -- Found ament_cmake: 2.5.4 (/opt/ros/jazzy/share/ament_cmake/cmake)
[0.777s] -- Found Python3: /usr/bin/python3 (found version "3.12.3") found components: Interpreter 
[0.830s] -- Override CMake install command with custom implementation using symlinks instead of copying resources
[0.922s] -- Configuring done (0.9s)
[0.923s] -- Generating done (0.0s)
[0.924s] -- Build files have been written to: /home/praise/mm_ws/src/husky_ur3_bringup/build/husky_ur3_bringup
[0.928s] Invoked command in '/home/praise/mm_ws/src/husky_ur3_bringup/build/husky_ur3_bringup' returned '0': CMAKE_PREFIX_PATH=${CMAKE_PREFIX_PATH}:/home/praise/ros2_ws/install/mobile_robotics:/opt/ros/jazzy DEBUGINFOD_URLS=https://debuginfod.ubuntu.com /usr/bin/cmake /home/praise/mm_ws/src/husky_ur3_bringup -DAMENT_CMAKE_SYMLINK_INSTALL=1 -DCMAKE_INSTALL_PREFIX=/home/praise/mm_ws/src/husky_ur3_bringup/install/husky_ur3_bringup
[0.928s] Invoking command in '/home/praise/mm_ws/src/husky_ur3_bringup/build/husky_ur3_bringup': CMAKE_PREFIX_PATH=${CMAKE_PREFIX_PATH}:/home/praise/ros2_ws/install/mobile_robotics:/opt/ros/jazzy DEBUGINFOD_URLS=https://debuginfod.ubuntu.com /usr/bin/cmake --build /home/praise/mm_ws/src/husky_ur3_bringup/build/husky_ur3_bringup -- -j24 -l24
[0.969s] Invoked command in '/home/praise/mm_ws/src/husky_ur3_bringup/build/husky_ur3_bringup' returned '0': CMAKE_PREFIX_PATH=${CMAKE_PREFIX_PATH}:/home/praise/ros2_ws/install/mobile_robotics:/opt/ros/jazzy DEBUGINFOD_URLS=https://debuginfod.ubuntu.com /usr/bin/cmake --build /home/praise/mm_ws/src/husky_ur3_bringup/build/husky_ur3_bringup -- -j24 -l24
[0.981s] Invoking command in '/home/praise/mm_ws/src/husky_ur3_bringup/build/husky_ur3_bringup': CMAKE_PREFIX_PATH=${CMAKE_PREFIX_PATH}:/home/praise/ros2_ws/install/mobile_robotics:/opt/ros/jazzy DEBUGINFOD_URLS=https://debuginfod.ubuntu.com /usr/bin/cmake --install /home/praise/mm_ws/src/husky_ur3_bringup/build/husky_ur3_bringup
[0.992s] -- Install configuration: ""
[0.992s] -- Execute custom install script
[0.993s] [33mCMake Warning (dev) at ament_cmake_symlink_install/ament_cmake_symlink_install.cmake:62 (file):
[0.993s]   Policy CMP0009 is not set: FILE GLOB_RECURSE calls should not follow
[0.993s]   symlinks by default.  Run "cmake --help-policy CMP0009" for policy details.
[0.993s]   Use the cmake_policy command to set the policy and suppress this warning.
[0.993s] Call Stack (most recent call first):
[0.993s]   ament_cmake_symlink_install/ament_cmake_symlink_install.cmake:314 (ament_cmake_symlink_install_directory)
[0.993s]   cmake_install.cmake:46 (include)
[0.993s] This warning is for project developers.  Use -Wno-dev to suppress it.
[0.993s] [0m
[0.993s] -- Symlinking: /home/praise/mm_ws/src/husky_ur3_bringup/install/husky_ur3_bringup/share/husky_ur3_bringup/urdf/README.md
[1.002s] -- Symlinking: /home/praise/mm_ws/src/husky_ur3_bringup/install/husky_ur3_bringup/share/husky_ur3_bringup/urdf/accessories/d435_camera_g.urdf.xacro
[1.012s] -- Symlinking: /home/praise/mm_ws/src/husky_ur3_bringup/install/husky_ur3_bringup/share/husky_ur3_bringup/urdf/accessories/d435_camera_h.urdf.xacro
[1.027s] -- Symlinking: /home/praise/mm_ws/src/husky_ur3_bringup/install/husky_ur3_bringup/share/husky_ur3_bringup/urdf/accessories/kinect_camera.urdf.xacro
[1.043s] -- Symlinking: /home/praise/mm_ws/src/husky_ur3_bringup/install/husky_ur3_bringup/share/husky_ur3_bringup/urdf/accessories/sensor_arch.urdf.xacro
[1.062s] -- Symlinking: /home/praise/mm_ws/src/husky_ur3_bringup/install/husky_ur3_bringup/share/husky_ur3_bringup/urdf/accessories/sick_tim571.urdf.xacro
[1.080s] -- Symlinking: /home/praise/mm_ws/src/husky_ur3_bringup/install/husky_ur3_bringup/share/husky_ur3_bringup/urdf/build/.built_by
[1.097s] -- Symlinking: /home/praise/mm_ws/src/husky_ur3_bringup/install/husky_ur3_bringup/share/husky_ur3_bringup/urdf/build/COLCON_IGNORE
[1.108s] -- Symlinking: /home/praise/mm_ws/src/husky_ur3_bringup/install/husky_ur3_bringup/share/husky_ur3_bringup/urdf/common.gazebo.xacro
[1.120s] -- Symlinking: /home/praise/mm_ws/src/husky_ur3_bringup/install/husky_ur3_bringup/share/husky_ur3_bringup/urdf/d435_camera.urdf.xacro
[1.136s] -- Symlinking: /home/praise/mm_ws/src/husky_ur3_bringup/install/husky_ur3_bringup/share/husky_ur3_bringup/urdf/decorations.urdf.xacro
[1.151s] -- Symlinking: /home/praise/mm_ws/src/husky_ur3_bringup/install/husky_ur3_bringup/share/husky_ur3_bringup/urdf/empty.urdf
[1.169s] -- Symlinking: /home/praise/mm_ws/src/husky_ur3_bringup/install/husky_ur3_bringup/share/husky_ur3_bringup/urdf/husky.urdf.xacro
[1.183s] -- Symlinking: /home/praise/mm_ws/src/husky_ur3_bringup/install/husky_ur3_bringup/share/husky_ur3_bringup/urdf/husky_ur3.urdf.xacro
[1.202s] -- Symlinking: /home/praise/mm_ws/src/husky_ur3_bringup/install/husky_ur3_bringup/share/husky_ur3_bringup/urdf/husky_ur3_8DOF.urdf.xacro
[1.221s] -- Symlinking: /home/praise/mm_ws/src/husky_ur3_bringup/install/husky_ur3_bringup/share/husky_ur3_bringup/urdf/husky_ur3_gripper.urdf.xacro
[1.239s] -- Symlinking: /home/praise/mm_ws/src/husky_ur3_bringup/install/husky_ur3_bringup/share/husky_ur3_bringup/urdf/install/.colcon_install_layout
[1.256s] -- Symlinking: /home/praise/mm_ws/src/husky_ur3_bringup/install/husky_ur3_bringup/share/husky_ur3_bringup/urdf/install/COLCON_IGNORE
[1.274s] -- Symlinking: /home/praise/mm_ws/src/husky_ur3_bringup/install/husky_ur3_bringup/share/husky_ur3_bringup/urdf/install/_local_setup_util_ps1.py
[1.289s] -- Symlinking: /home/praise/mm_ws/src/husky_ur3_bringup/install/husky_ur3_bringup/share/husky_ur3_bringup/urdf/install/_local_setup_util_sh.py
[1.303s] -- Symlinking: /home/praise/mm_ws/src/husky_ur3_bringup/install/husky_ur3_bringup/share/husky_ur3_bringup/urdf/install/local_setup.bash
[1.322s] -- Symlinking: /home/praise/mm_ws/src/husky_ur3_bringup/install/husky_ur3_bringup/share/husky_ur3_bringup/urdf/install/local_setup.ps1
[1.330s] -- Symlinking: /home/praise/mm_ws/src/husky_ur3_bringup/install/husky_ur3_bringup/share/husky_ur3_bringup/urdf/install/local_setup.sh
[1.341s] -- Symlinking: /home/praise/mm_ws/src/husky_ur3_bringup/install/husky_ur3_bringup/share/husky_ur3_bringup/urdf/install/local_setup.zsh
[1.353s] -- Symlinking: /home/praise/mm_ws/src/husky_ur3_bringup/install/husky_ur3_bringup/share/husky_ur3_bringup/urdf/install/setup.bash
[1.365s] -- Symlinking: /home/praise/mm_ws/src/husky_ur3_bringup/install/husky_ur3_bringup/share/husky_ur3_bringup/urdf/install/setup.ps1
[1.378s] -- Symlinking: /home/praise/mm_ws/src/husky_ur3_bringup/install/husky_ur3_bringup/share/husky_ur3_bringup/urdf/install/setup.sh
[1.392s] -- Symlinking: /home/praise/mm_ws/src/husky_ur3_bringup/install/husky_ur3_bringup/share/husky_ur3_bringup/urdf/install/setup.zsh
[1.409s] -- Symlinking: /home/praise/mm_ws/src/husky_ur3_bringup/install/husky_ur3_bringup/share/husky_ur3_bringup/urdf/log/COLCON_IGNORE
[1.418s] -- Symlinking: /home/praise/mm_ws/src/husky_ur3_bringup/install/husky_ur3_bringup/share/husky_ur3_bringup/urdf/log/build_2025-10-04_03-39-18/events.log
[1.426s] -- Symlinking: /home/praise/mm_ws/src/husky_ur3_bringup/install/husky_ur3_bringup/share/husky_ur3_bringup/urdf/log/build_2025-10-04_03-39-18/logger_all.log
[1.441s] -- Symlinking: /home/praise/mm_ws/src/husky_ur3_bringup/install/husky_ur3_bringup/share/husky_ur3_bringup/urdf/log/latest/events.log
[1.453s] -- Symlinking: /home/praise/mm_ws/src/husky_ur3_bringup/install/husky_ur3_bringup/share/husky_ur3_bringup/urdf/log/latest/logger_all.log
[1.468s] -- Symlinking: /home/praise/mm_ws/src/husky_ur3_bringup/install/husky_ur3_bringup/share/husky_ur3_bringup/urdf/log/latest_build/events.log
[1.480s] -- Symlinking: /home/praise/mm_ws/src/husky_ur3_bringup/install/husky_ur3_bringup/share/husky_ur3_bringup/urdf/log/latest_build/logger_all.log
[1.492s] -- Symlinking: /home/praise/mm_ws/src/husky_ur3_bringup/install/husky_ur3_bringup/share/husky_ur3_bringup/urdf/materials.xacro
[1.508s] -- Symlinking: /home/praise/mm_ws/src/husky_ur3_bringup/install/husky_ur3_bringup/share/husky_ur3_bringup/urdf/realsense.xacro
[1.525s] -- Symlinking: /home/praise/mm_ws/src/husky_ur3_bringup/install/husky_ur3_bringup/share/husky_ur3_bringup/urdf/rh_p12_rn.gazebo
[1.545s] -- Symlinking: /home/praise/mm_ws/src/husky_ur3_bringup/install/husky_ur3_bringup/share/husky_ur3_bringup/urdf/rh_p12_rn.xacro
[1.563s] -- Symlinking: /home/praise/mm_ws/src/husky_ur3_bringup/install/husky_ur3_bringup/share/husky_ur3_bringup/urdf/rh_p12_rn_gripper.xacro
[1.581s] -- Symlinking: /home/praise/mm_ws/src/husky_ur3_bringup/install/husky_ur3_bringup/share/husky_ur3_bringup/urdf/ur.gazebo.xacro
[1.598s] -- Symlinking: /home/praise/mm_ws/src/husky_ur3_bringup/install/husky_ur3_bringup/share/husky_ur3_bringup/urdf/ur.transmission.xacro
[1.608s] -- Symlinking: /home/praise/mm_ws/src/husky_ur3_bringup/install/husky_ur3_bringup/share/husky_ur3_bringup/urdf/ur3.urdf.xacro
[1.615s] -- Symlinking: /home/praise/mm_ws/src/husky_ur3_bringup/install/husky_ur3_bringup/share/husky_ur3_bringup/urdf/ur3_gripper.urdf.xacro
[1.633s] -- Symlinking: /home/praise/mm_ws/src/husky_ur3_bringup/install/husky_ur3_bringup/share/husky_ur3_bringup/urdf/ur3_joint_limited_robot.urdf.xacro
[1.650s] -- Symlinking: /home/praise/mm_ws/src/husky_ur3_bringup/install/husky_ur3_bringup/share/husky_ur3_bringup/urdf/ur3_robot.urdf.xacro
[1.667s] -- Symlinking: /home/praise/mm_ws/src/husky_ur3_bringup/install/husky_ur3_bringup/share/husky_ur3_bringup/urdf/ur3_robot_gripper.urdf.xacro
[1.684s] -- Symlinking: /home/praise/mm_ws/src/husky_ur3_bringup/install/husky_ur3_bringup/share/husky_ur3_bringup/urdf/wheel.urdf.xacro
[1.703s] -- Symlinking: /home/praise/mm_ws/src/husky_ur3_bringup/install/husky_ur3_bringup/share/husky_ur3_bringup/meshes/UR_Contorl_Box.stl
[1.720s] -- Symlinking: /home/praise/mm_ws/src/husky_ur3_bringup/install/husky_ur3_bringup/share/husky_ur3_bringup/meshes/accessories/300_mm_sensor_arch.dae
[1.740s] -- Symlinking: /home/praise/mm_ws/src/husky_ur3_bringup/install/husky_ur3_bringup/share/husky_ur3_bringup/meshes/accessories/300_mm_sensor_arch.stl
[1.754s] -- Symlinking: /home/praise/mm_ws/src/husky_ur3_bringup/install/husky_ur3_bringup/share/husky_ur3_bringup/meshes/accessories/510_mm_sensor_arch.dae
[1.769s] -- Symlinking: /home/praise/mm_ws/src/husky_ur3_bringup/install/husky_ur3_bringup/share/husky_ur3_bringup/meshes/accessories/510_mm_sensor_arch.stl
[1.785s] -- Symlinking: /home/praise/mm_ws/src/husky_ur3_bringup/install/husky_ur3_bringup/share/husky_ur3_bringup/meshes/accessories/d435.dae
[1.805s] -- Symlinking: /home/praise/mm_ws/src/husky_ur3_bringup/install/husky_ur3_bringup/share/husky_ur3_bringup/meshes/accessories/d435_mount.stl
[1.821s] -- Symlinking: /home/praise/mm_ws/src/husky_ur3_bringup/install/husky_ur3_bringup/share/husky_ur3_bringup/meshes/accessories/d435_mount_down.stl
[1.834s] -- Symlinking: /home/praise/mm_ws/src/husky_ur3_bringup/install/husky_ur3_bringup/share/husky_ur3_bringup/meshes/accessories/kinect.dae
[1.850s] -- Symlinking: /home/praise/mm_ws/src/husky_ur3_bringup/install/husky_ur3_bringup/share/husky_ur3_bringup/meshes/accessories/kinect.jpg
[1.860s] -- Symlinking: /home/praise/mm_ws/src/husky_ur3_bringup/install/husky_ur3_bringup/share/husky_ur3_bringup/meshes/accessories/kinect.tga
[1.872s] -- Symlinking: /home/praise/mm_ws/src/husky_ur3_bringup/install/husky_ur3_bringup/share/husky_ur3_bringup/meshes/accessories/lidar_mount.stl
[1.880s] -- Symlinking: /home/praise/mm_ws/src/husky_ur3_bringup/install/husky_ur3_bringup/share/husky_ur3_bringup/meshes/accessories/lms1xx_mount.dae
[1.889s] -- Symlinking: /home/praise/mm_ws/src/husky_ur3_bringup/install/husky_ur3_bringup/share/husky_ur3_bringup/meshes/accessories/lms1xx_mount.stl
[1.896s] -- Symlinking: /home/praise/mm_ws/src/husky_ur3_bringup/install/husky_ur3_bringup/share/husky_ur3_bringup/meshes/base.stl
[1.903s] -- Symlinking: /home/praise/mm_ws/src/husky_ur3_bringup/install/husky_ur3_bringup/share/husky_ur3_bringup/meshes/base_link.dae
[1.913s] -- Symlinking: /home/praise/mm_ws/src/husky_ur3_bringup/install/husky_ur3_bringup/share/husky_ur3_bringup/meshes/base_link.stl
[1.925s] -- Symlinking: /home/praise/mm_ws/src/husky_ur3_bringup/install/husky_ur3_bringup/share/husky_ur3_bringup/meshes/bumper.dae
[1.935s] -- Symlinking: /home/praise/mm_ws/src/husky_ur3_bringup/install/husky_ur3_bringup/share/husky_ur3_bringup/meshes/bumper_extension.dae
[1.945s] -- Symlinking: /home/praise/mm_ws/src/husky_ur3_bringup/install/husky_ur3_bringup/share/husky_ur3_bringup/meshes/d435_mount_down.stl
[1.955s] -- Symlinking: /home/praise/mm_ws/src/husky_ur3_bringup/install/husky_ur3_bringup/share/husky_ur3_bringup/meshes/l1.stl
[1.966s] -- Symlinking: /home/praise/mm_ws/src/husky_ur3_bringup/install/husky_ur3_bringup/share/husky_ur3_bringup/meshes/l2.stl
[1.974s] -- Symlinking: /home/praise/mm_ws/src/husky_ur3_bringup/install/husky_ur3_bringup/share/husky_ur3_bringup/meshes/large_top_plate.dae
[1.983s] -- Symlinking: /home/praise/mm_ws/src/husky_ur3_bringup/install/husky_ur3_bringup/share/husky_ur3_bringup/meshes/large_top_plate_collision.stl
[1.991s] -- Symlinking: /home/praise/mm_ws/src/husky_ur3_bringup/install/husky_ur3_bringup/share/husky_ur3_bringup/meshes/r1.stl
[2.000s] -- Symlinking: /home/praise/mm_ws/src/husky_ur3_bringup/install/husky_ur3_bringup/share/husky_ur3_bringup/meshes/r2.stl
[2.010s] -- Symlinking: /home/praise/mm_ws/src/husky_ur3_bringup/install/husky_ur3_bringup/share/husky_ur3_bringup/meshes/sick_tim/sick_tim.stl
[2.022s] -- Symlinking: /home/praise/mm_ws/src/husky_ur3_bringup/install/husky_ur3_bringup/share/husky_ur3_bringup/meshes/sick_tim/sick_tim551.stl
[2.031s] -- Symlinking: /home/praise/mm_ws/src/husky_ur3_bringup/install/husky_ur3_bringup/share/husky_ur3_bringup/meshes/sick_tim/sick_tim571.dae
[2.042s] -- Symlinking: /home/praise/mm_ws/src/husky_ur3_bringup/install/husky_ur3_bringup/share/husky_ur3_bringup/meshes/top_chassis.dae
[2.051s] -- Symlinking: /home/praise/mm_ws/src/husky_ur3_bringup/install/husky_ur3_bringup/share/husky_ur3_bringup/meshes/top_chassis.stl
[2.061s] -- Symlinking: /home/praise/mm_ws/src/husky_ur3_bringup/install/husky_ur3_bringup/share/husky_ur3_bringup/meshes/top_plate.dae
[2.071s] -- Symlinking: /home/praise/mm_ws/src/husky_ur3_bringup/install/husky_ur3_bringup/share/husky_ur3_bringup/meshes/top_plate.stl
[2.079s] -- Symlinking: /home/praise/mm_ws/src/husky_ur3_bringup/install/husky_ur3_bringup/share/husky_ur3_bringup/meshes/ur10/collision/base.stl
[2.087s] -- Symlinking: /home/praise/mm_ws/src/husky_ur3_bringup/install/husky_ur3_bringup/share/husky_ur3_bringup/meshes/ur10/collision/forearm.stl
[2.097s] -- Symlinking: /home/praise/mm_ws/src/husky_ur3_bringup/install/husky_ur3_bringup/share/husky_ur3_bringup/meshes/ur10/collision/shoulder.stl
[2.107s] -- Symlinking: /home/praise/mm_ws/src/husky_ur3_bringup/install/husky_ur3_bringup/share/husky_ur3_bringup/meshes/ur10/collision/upperarm.stl
[2.120s] -- Symlinking: /home/praise/mm_ws/src/husky_ur3_bringup/install/husky_ur3_bringup/share/husky_ur3_bringup/meshes/ur10/collision/wrist1.stl
[2.130s] -- Symlinking: /home/praise/mm_ws/src/husky_ur3_bringup/install/husky_ur3_bringup/share/husky_ur3_bringup/meshes/ur10/collision/wrist2.stl
[2.140s] -- Symlinking: /home/praise/mm_ws/src/husky_ur3_bringup/install/husky_ur3_bringup/share/husky_ur3_bringup/meshes/ur10/collision/wrist3.stl
[2.148s] -- Symlinking: /home/praise/mm_ws/src/husky_ur3_bringup/install/husky_ur3_bringup/share/husky_ur3_bringup/meshes/ur10/visual/base.dae
[2.158s] -- Symlinking: /home/praise/mm_ws/src/husky_ur3_bringup/install/husky_ur3_bringup/share/husky_ur3_bringup/meshes/ur10/visual/forearm.dae
[2.168s] -- Symlinking: /home/praise/mm_ws/src/husky_ur3_bringup/install/husky_ur3_bringup/share/husky_ur3_bringup/meshes/ur10/visual/shoulder.dae
[2.180s] -- Symlinking: /home/praise/mm_ws/src/husky_ur3_bringup/install/husky_ur3_bringup/share/husky_ur3_bringup/meshes/ur10/visual/upperarm.dae
[2.189s] -- Symlinking: /home/praise/mm_ws/src/husky_ur3_bringup/install/husky_ur3_bringup/share/husky_ur3_bringup/meshes/ur10/visual/wrist1.dae
[2.198s] -- Symlinking: /home/praise/mm_ws/src/husky_ur3_bringup/install/husky_ur3_bringup/share/husky_ur3_bringup/meshes/ur10/visual/wrist2.dae
[2.206s] -- Symlinking: /home/praise/mm_ws/src/husky_ur3_bringup/install/husky_ur3_bringup/share/husky_ur3_bringup/meshes/ur10/visual/wrist3.dae
[2.217s] -- Symlinking: /home/praise/mm_ws/src/husky_ur3_bringup/install/husky_ur3_bringup/share/husky_ur3_bringup/meshes/ur3/collision/base.stl
[2.228s] -- Symlinking: /home/praise/mm_ws/src/husky_ur3_bringup/install/husky_ur3_bringup/share/husky_ur3_bringup/meshes/ur3/collision/forearm.stl
[2.237s] -- Symlinking: /home/praise/mm_ws/src/husky_ur3_bringup/install/husky_ur3_bringup/share/husky_ur3_bringup/meshes/ur3/collision/shoulder.stl
[2.246s] -- Symlinking: /home/praise/mm_ws/src/husky_ur3_bringup/install/husky_ur3_bringup/share/husky_ur3_bringup/meshes/ur3/collision/upperarm.stl
[2.254s] -- Symlinking: /home/praise/mm_ws/src/husky_ur3_bringup/install/husky_ur3_bringup/share/husky_ur3_bringup/meshes/ur3/collision/wrist1.stl
[2.263s] -- Symlinking: /home/praise/mm_ws/src/husky_ur3_bringup/install/husky_ur3_bringup/share/husky_ur3_bringup/meshes/ur3/collision/wrist2.stl
[2.272s] -- Symlinking: /home/praise/mm_ws/src/husky_ur3_bringup/install/husky_ur3_bringup/share/husky_ur3_bringup/meshes/ur3/collision/wrist3.stl
[2.282s] -- Symlinking: /home/praise/mm_ws/src/husky_ur3_bringup/install/husky_ur3_bringup/share/husky_ur3_bringup/meshes/ur3/visual/base.dae
[2.292s] -- Symlinking: /home/praise/mm_ws/src/husky_ur3_bringup/install/husky_ur3_bringup/share/husky_ur3_bringup/meshes/ur3/visual/forearm.dae
[2.301s] -- Symlinking: /home/praise/mm_ws/src/husky_ur3_bringup/install/husky_ur3_bringup/share/husky_ur3_bringup/meshes/ur3/visual/shoulder.dae
[2.310s] -- Symlinking: /home/praise/mm_ws/src/husky_ur3_bringup/install/husky_ur3_bringup/share/husky_ur3_bringup/meshes/ur3/visual/upperarm.dae
[2.323s] -- Symlinking: /home/praise/mm_ws/src/husky_ur3_bringup/install/husky_ur3_bringup/share/husky_ur3_bringup/meshes/ur3/visual/wrist1.dae
[2.333s] -- Symlinking: /home/praise/mm_ws/src/husky_ur3_bringup/install/husky_ur3_bringup/share/husky_ur3_bringup/meshes/ur3/visual/wrist2.dae
[2.343s] -- Symlinking: /home/praise/mm_ws/src/husky_ur3_bringup/install/husky_ur3_bringup/share/husky_ur3_bringup/meshes/ur3/visual/wrist3.dae
[2.350s] -- Symlinking: /home/praise/mm_ws/src/husky_ur3_bringup/install/husky_ur3_bringup/share/husky_ur3_bringup/meshes/ur3_box.stl
[2.359s] -- Symlinking: /home/praise/mm_ws/src/husky_ur3_bringup/install/husky_ur3_bringup/share/husky_ur3_bringup/meshes/ur5/collision/base.stl
[2.366s] -- Symlinking: /home/praise/mm_ws/src/husky_ur3_bringup/install/husky_ur3_bringup/share/husky_ur3_bringup/meshes/ur5/collision/forearm.stl
[2.374s] -- Symlinking: /home/praise/mm_ws/src/husky_ur3_bringup/install/husky_ur3_bringup/share/husky_ur3_bringup/meshes/ur5/collision/shoulder.stl
[2.383s] -- Symlinking: /home/praise/mm_ws/src/husky_ur3_bringup/install/husky_ur3_bringup/share/husky_ur3_bringup/meshes/ur5/collision/upperarm.stl
[2.391s] -- Symlinking: /home/praise/mm_ws/src/husky_ur3_bringup/install/husky_ur3_bringup/share/husky_ur3_bringup/meshes/ur5/collision/wrist1.stl
[2.400s] -- Symlinking: /home/praise/mm_ws/src/husky_ur3_bringup/install/husky_ur3_bringup/share/husky_ur3_bringup/meshes/ur5/collision/wrist2.stl
[2.410s] -- Symlinking: /home/praise/mm_ws/src/husky_ur3_bringup/install/husky_ur3_bringup/share/husky_ur3_bringup/meshes/ur5/collision/wrist3.stl
[2.422s] -- Symlinking: /home/praise/mm_ws/src/husky_ur3_bringup/install/husky_ur3_bringup/share/husky_ur3_bringup/meshes/ur5/visual/base.dae
[2.431s] -- Symlinking: /home/praise/mm_ws/src/husky_ur3_bringup/install/husky_ur3_bringup/share/husky_ur3_bringup/meshes/ur5/visual/forearm.dae
[2.442s] -- Symlinking: /home/praise/mm_ws/src/husky_ur3_bringup/install/husky_ur3_bringup/share/husky_ur3_bringup/meshes/ur5/visual/shoulder.dae
[2.452s] -- Symlinking: /home/praise/mm_ws/src/husky_ur3_bringup/install/husky_ur3_bringup/share/husky_ur3_bringup/meshes/ur5/visual/upperarm.dae
[2.461s] -- Symlinking: /home/praise/mm_ws/src/husky_ur3_bringup/install/husky_ur3_bringup/share/husky_ur3_bringup/meshes/ur5/visual/wrist1.dae
[2.470s] -- Symlinking: /home/praise/mm_ws/src/husky_ur3_bringup/install/husky_ur3_bringup/share/husky_ur3_bringup/meshes/ur5/visual/wrist2.dae
[2.479s] -- Symlinking: /home/praise/mm_ws/src/husky_ur3_bringup/install/husky_ur3_bringup/share/husky_ur3_bringup/meshes/ur5/visual/wrist3.dae
[2.488s] -- Symlinking: /home/praise/mm_ws/src/husky_ur3_bringup/install/husky_ur3_bringup/share/husky_ur3_bringup/meshes/user_rail.dae
[2.497s] -- Symlinking: /home/praise/mm_ws/src/husky_ur3_bringup/install/husky_ur3_bringup/share/husky_ur3_bringup/meshes/user_rail.stl
[2.506s] -- Symlinking: /home/praise/mm_ws/src/husky_ur3_bringup/install/husky_ur3_bringup/share/husky_ur3_bringup/meshes/wheel.dae
[2.517s] -- Symlinking: /home/praise/mm_ws/src/husky_ur3_bringup/install/husky_ur3_bringup/share/husky_ur3_bringup/meshes/wheel.stl
[2.530s] -- Symlinking: /home/praise/mm_ws/src/husky_ur3_bringup/install/husky_ur3_bringup/share/husky_ur3_bringup/config/README.md
[2.541s] -- Symlinking: /home/praise/mm_ws/src/husky_ur3_bringup/install/husky_ur3_bringup/share/husky_ur3_bringup/config/controllers.yaml
[2.547s] -- Symlinking: /home/praise/mm_ws/src/husky_ur3_bringup/install/husky_ur3_bringup/share/husky_ur3_bringup/launch/README.md
[2.553s] -- Symlinking: /home/praise/mm_ws/src/husky_ur3_bringup/install/husky_ur3_bringup/share/husky_ur3_bringup/launch/sim.launch.py
[2.559s] -- Symlinking: /home/praise/mm_ws/src/husky_ur3_bringup/install/husky_ur3_bringup/share/husky_ur3_bringup/launch/test.launch.py
[2.567s] -- Symlinking: /home/praise/mm_ws/src/husky_ur3_bringup/install/husky_ur3_bringup/share/husky_ur3_bringup/resources/models/base_gps/model.sdf
[2.576s] -- Symlinking: /home/praise/mm_ws/src/husky_ur3_bringup/install/husky_ur3_bringup/share/husky_ur3_bringup/resources/models/base_imu/model.sdf
[2.585s] -- Symlinking: /home/praise/mm_ws/src/husky_ur3_bringup/install/husky_ur3_bringup/share/husky_ur3_bringup/resources/models/bin/model.config
[2.594s] -- Symlinking: /home/praise/mm_ws/src/husky_ur3_bringup/install/husky_ur3_bringup/share/husky_ur3_bringup/resources/models/bin/model.sdf
[2.603s] -- Symlinking: /home/praise/mm_ws/src/husky_ur3_bringup/install/husky_ur3_bringup/share/husky_ur3_bringup/resources/models/bin/model_abbreviated.sdf
[2.614s] -- Symlinking: /home/praise/mm_ws/src/husky_ur3_bringup/install/husky_ur3_bringup/share/husky_ur3_bringup/resources/models/bin/tags/MarkerData_0.png
[2.628s] -- Symlinking: /home/praise/mm_ws/src/husky_ur3_bringup/install/husky_ur3_bringup/share/husky_ur3_bringup/resources/models/bin/tags/MarkerData_1.png
[2.637s] -- Symlinking: /home/praise/mm_ws/src/husky_ur3_bringup/install/husky_ur3_bringup/share/husky_ur3_bringup/resources/models/bin/tags/MarkerData_10.png
[2.646s] -- Symlinking: /home/praise/mm_ws/src/husky_ur3_bringup/install/husky_ur3_bringup/share/husky_ur3_bringup/resources/models/bin/tags/MarkerData_11.png
[2.655s] -- Symlinking: /home/praise/mm_ws/src/husky_ur3_bringup/install/husky_ur3_bringup/share/husky_ur3_bringup/resources/models/bin/tags/MarkerData_2.png
[2.665s] -- Symlinking: /home/praise/mm_ws/src/husky_ur3_bringup/install/husky_ur3_bringup/share/husky_ur3_bringup/resources/models/bin/tags/MarkerData_3.png
[2.674s] -- Symlinking: /home/praise/mm_ws/src/husky_ur3_bringup/install/husky_ur3_bringup/share/husky_ur3_bringup/resources/models/bin/tags/MarkerData_4.png
[2.682s] -- Symlinking: /home/praise/mm_ws/src/husky_ur3_bringup/install/husky_ur3_bringup/share/husky_ur3_bringup/resources/models/bin/tags/MarkerData_5.png
[2.691s] -- Symlinking: /home/praise/mm_ws/src/husky_ur3_bringup/install/husky_ur3_bringup/share/husky_ur3_bringup/resources/models/bin/tags/MarkerData_6.png
[2.700s] -- Symlinking: /home/praise/mm_ws/src/husky_ur3_bringup/install/husky_ur3_bringup/share/husky_ur3_bringup/resources/models/bin/tags/MarkerData_7.png
[2.710s] -- Symlinking: /home/praise/mm_ws/src/husky_ur3_bringup/install/husky_ur3_bringup/share/husky_ur3_bringup/resources/models/bin/tags/MarkerData_8.png
[2.725s] -- Symlinking: /home/praise/mm_ws/src/husky_ur3_bringup/install/husky_ur3_bringup/share/husky_ur3_bringup/resources/models/bin/tags/MarkerData_9.png
[2.735s] -- Symlinking: /home/praise/mm_ws/src/husky_ur3_bringup/install/husky_ur3_bringup/share/husky_ur3_bringup/resources/models/bin/tags/elevator.material
[2.744s] -- Symlinking: /home/praise/mm_ws/src/husky_ur3_bringup/install/husky_ur3_bringup/share/husky_ur3_bringup/resources/models/bin/tags/elevator.png
[2.753s] -- Symlinking: /home/praise/mm_ws/src/husky_ur3_bringup/install/husky_ur3_bringup/share/husky_ur3_bringup/resources/models/bin/tags/generate_codes_and_materials.py
[2.760s] -- Symlinking: /home/praise/mm_ws/src/husky_ur3_bringup/install/husky_ur3_bringup/share/husky_ur3_bringup/resources/models/bin/tags/inner_elv.material
[2.770s] -- Symlinking: /home/praise/mm_ws/src/husky_ur3_bringup/install/husky_ur3_bringup/share/husky_ur3_bringup/resources/models/bin/tags/inner_elv.png
[2.781s] -- Symlinking: /home/praise/mm_ws/src/husky_ur3_bringup/install/husky_ur3_bringup/share/husky_ur3_bringup/resources/models/bin/tags/make_montage.sh
[2.790s] -- Symlinking: /home/praise/mm_ws/src/husky_ur3_bringup/install/husky_ur3_bringup/share/husky_ur3_bringup/resources/models/bin/tags/product_0.material
[2.800s] -- Symlinking: /home/praise/mm_ws/src/husky_ur3_bringup/install/husky_ur3_bringup/share/husky_ur3_bringup/resources/models/bin/tags/product_1.material
[2.808s] -- Symlinking: /home/praise/mm_ws/src/husky_ur3_bringup/install/husky_ur3_bringup/share/husky_ur3_bringup/resources/models/bin/tags/product_10.material
[2.819s] -- Symlinking: /home/praise/mm_ws/src/husky_ur3_bringup/install/husky_ur3_bringup/share/husky_ur3_bringup/resources/models/bin/tags/product_11.material
[2.828s] -- Symlinking: /home/praise/mm_ws/src/husky_ur3_bringup/install/husky_ur3_bringup/share/husky_ur3_bringup/resources/models/bin/tags/product_2.material
[2.836s] -- Symlinking: /home/praise/mm_ws/src/husky_ur3_bringup/install/husky_ur3_bringup/share/husky_ur3_bringup/resources/models/bin/tags/product_3.material
[2.844s] -- Symlinking: /home/praise/mm_ws/src/husky_ur3_bringup/install/husky_ur3_bringup/share/husky_ur3_bringup/resources/models/bin/tags/product_4.material
[2.852s] -- Symlinking: /home/praise/mm_ws/src/husky_ur3_bringup/install/husky_ur3_bringup/share/husky_ur3_bringup/resources/models/bin/tags/product_5.material
[2.860s] -- Symlinking: /home/praise/mm_ws/src/husky_ur3_bringup/install/husky_ur3_bringup/share/husky_ur3_bringup/resources/models/bin/tags/product_6.material
[2.868s] -- Symlinking: /home/praise/mm_ws/src/husky_ur3_bringup/install/husky_ur3_bringup/share/husky_ur3_bringup/resources/models/bin/tags/product_7.material
[2.876s] -- Symlinking: /home/praise/mm_ws/src/husky_ur3_bringup/install/husky_ur3_bringup/share/husky_ur3_bringup/resources/models/bin/tags/product_8.material
[2.884s] -- Symlinking: /home/praise/mm_ws/src/husky_ur3_bringup/install/husky_ur3_bringup/share/husky_ur3_bringup/resources/models/bin/tags/product_9.material
[2.892s] -- Symlinking: /home/praise/mm_ws/src/husky_ur3_bringup/install/husky_ur3_bringup/share/husky_ur3_bringup/resources/models/front_laser/model.sdf
[2.900s] -- Symlinking: /home/praise/mm_ws/src/husky_ur3_bringup/install/husky_ur3_bringup/share/husky_ur3_bringup/resources/models/product_0/model.config
[2.908s] -- Symlinking: /home/praise/mm_ws/src/husky_ur3_bringup/install/husky_ur3_bringup/share/husky_ur3_bringup/resources/models/product_0/model.sdf
[2.920s] -- Symlinking: /home/praise/mm_ws/src/husky_ur3_bringup/install/husky_ur3_bringup/share/ament_index/resource_index/package_run_dependencies/husky_ur3_bringup
[2.931s] -- Symlinking: /home/praise/mm_ws/src/husky_ur3_bringup/install/husky_ur3_bringup/share/ament_index/resource_index/parent_prefix_path/husky_ur3_bringup
[2.942s] -- Symlinking: /home/praise/mm_ws/src/husky_ur3_bringup/install/husky_ur3_bringup/share/husky_ur3_bringup/environment/ament_prefix_path.sh
[2.951s] -- Symlinking: /home/praise/mm_ws/src/husky_ur3_bringup/install/husky_ur3_bringup/share/husky_ur3_bringup/environment/ament_prefix_path.dsv
[2.960s] -- Symlinking: /home/praise/mm_ws/src/husky_ur3_bringup/install/husky_ur3_bringup/share/husky_ur3_bringup/environment/path.sh
[2.964s] -- Symlinking: /home/praise/mm_ws/src/husky_ur3_bringup/install/husky_ur3_bringup/share/husky_ur3_bringup/environment/path.dsv
[2.970s] -- Symlinking: /home/praise/mm_ws/src/husky_ur3_bringup/install/husky_ur3_bringup/share/husky_ur3_bringup/local_setup.bash
[2.978s] -- Symlinking: /home/praise/mm_ws/src/husky_ur3_bringup/install/husky_ur3_bringup/share/husky_ur3_bringup/local_setup.sh
[2.984s] -- Symlinking: /home/praise/mm_ws/src/husky_ur3_bringup/install/husky_ur3_bringup/share/husky_ur3_bringup/local_setup.zsh
[2.991s] -- Symlinking: /home/praise/mm_ws/src/husky_ur3_bringup/install/husky_ur3_bringup/share/husky_ur3_bringup/local_setup.dsv
[3.001s] -- Symlinking: /home/praise/mm_ws/src/husky_ur3_bringup/install/husky_ur3_bringup/share/husky_ur3_bringup/package.dsv
[3.010s] -- Symlinking: /home/praise/mm_ws/src/husky_ur3_bringup/install/husky_ur3_bringup/share/ament_index/resource_index/packages/husky_ur3_bringup
[3.020s] -- Symlinking: /home/praise/mm_ws/src/husky_ur3_bringup/install/husky_ur3_bringup/share/husky_ur3_bringup/cmake/husky_ur3_bringupConfig.cmake
[3.032s] -- Symlinking: /home/praise/mm_ws/src/husky_ur3_bringup/install/husky_ur3_bringup/share/husky_ur3_bringup/cmake/husky_ur3_bringupConfig-version.cmake
[3.041s] -- Symlinking: /home/praise/mm_ws/src/husky_ur3_bringup/install/husky_ur3_bringup/share/husky_ur3_bringup/package.xml
[3.051s] Invoked command in '/home/praise/mm_ws/src/husky_ur3_bringup/build/husky_ur3_bringup' returned '0': CMAKE_PREFIX_PATH=${CMAKE_PREFIX_PATH}:/home/praise/ros2_ws/install/mobile_robotics:/opt/ros/jazzy DEBUGINFOD_URLS=https://debuginfod.ubuntu.com /usr/bin/cmake --install /home/praise/mm_ws/src/husky_ur3_bringup/build/husky_ur3_bringup
